<?xml version="1.0" encoding="UTF-8" ?>
<testsuite tests="1" failures="0" name="testRunner.TestRunner" time="18.173" errors="0" skipped="0">
  <properties>
    <property name="JOB_NAME" value="Blazedemo"/>
    <property name="java.vendor" value="Oracle Corporation"/>
    <property name="sun.java.launcher" value="SUN_STANDARD"/>
    <property name="RUN_TESTS_DISPLAY_URL" value="http://localhost:8080/job/Blazedemo/1/display/redirect?page=tests"/>
    <property name="NUMBER_OF_PROCESSORS" value="4"/>
    <property name="sun.management.compiler" value="HotSpot 64-Bit Tiered Compilers"/>
    <property name="JENKINS_HOME" value="C:\Users\Bala\.jenkins"/>
    <property name="HUDSON_SERVER_COOKIE" value="58378dc938cb9424"/>
    <property name="os.name" value="Windows 10"/>
    <property name="SynaProgDir" value="Synaptics\SynTP"/>
    <property name="EXECUTOR_NUMBER" value="0"/>
    <property name="PATHEXT" value=".COM;.EXE;.BAT;.CMD;.VBS;.VBE;.JS;.JSE;.WSF;.WSH;.MSC"/>
    <property name="java.vm.specification.vendor" value="Oracle Corporation"/>
    <property name="TEMP" value="C:\Users\Bala\AppData\Local\Temp"/>
    <property name="NODE_LABELS" value="master"/>
    <property name="java.runtime.version" value="21.0.6+8-LTS-188"/>
    <property name="user.name" value="Bala"/>
    <property name="guice.disable.misplaced.annotation.check" value="true"/>
    <property name="CommonProgramW6432" value="C:\Program Files\Common Files"/>
    <property name="ProgramFiles" value="C:\Program Files"/>
    <property name="PROMPT" value="$P$G"/>
    <property name="stdout.encoding" value="Cp1252"/>
    <property name="user.language" value="en"/>
    <property name="JOB_BASE_NAME" value="Blazedemo"/>
    <property name="RUN_CHANGES_DISPLAY_URL" value="http://localhost:8080/job/Blazedemo/1/display/redirect?page=changes"/>
    <property name="BUILD_DISPLAY_NAME" value="#1"/>
    <property name="OneDrive" value="C:\Users\Bala\OneDrive"/>
    <property name="sun.boot.library.path" value="C:\Program Files\Java\jdk-21.0.6\bin"/>
    <property name="java.vm.compressedOopsMode" value="32-bit"/>
    <property name="LOCALAPPDATA" value="C:\Users\Bala\AppData\Local"/>
    <property name="java.version" value="21.0.6"/>
    <property name="user.timezone" value="Asia/Calcutta"/>
    <property name="PROCESSOR_LEVEL" value="6"/>
    <property name="USERNAME" value="Bala"/>
    <property name="sun.arch.data.model" value="64"/>
    <property name="NODE_NAME" value="master"/>
    <property name="OneDriveConsumer" value="C:\Users\Bala\OneDrive"/>
    <property name="BUILD_ID" value="1"/>
    <property name="sun.cpu.isalist" value="amd64"/>
    <property name="sun.jnu.encoding" value="Cp1252"/>
    <property name="maven.conf" value="D:\maven\apache-maven-3.6.3\conf"/>
    <property name="HOMEDRIVE" value="C:"/>
    <property name="file.separator" value="\"/>
    <property name="java.specification.name" value="Java Platform API Specification"/>
    <property name="java.class.version" value="65.0"/>
    <property name="=::" value="::\"/>
    <property name="SCITE_USERHOME" value="C:\Users\Bala\AppData\Local\AutoIt v3\SciTE"/>
    <property name="org.slf4j.simpleLogger.defaultLogLevel" value="info"/>
    <property name="user.country" value="IN"/>
    <property name="ALLUSERSPROFILE" value="C:\ProgramData"/>
    <property name="java.home" value="C:\Program Files\Java\jdk-21.0.6"/>
    <property name="java.vm.info" value="mixed mode, sharing"/>
    <property name="os.version" value="10.0"/>
    <property name="RUN_DISPLAY_URL" value="http://localhost:8080/job/Blazedemo/1/display/redirect"/>
    <property name="TMP" value="C:\Users\Bala\AppData\Local\Temp"/>
    <property name="path.separator" value=";"/>
    <property name="RUN_ARTIFACTS_DISPLAY_URL" value="http://localhost:8080/job/Blazedemo/1/display/redirect?page=artifacts"/>
    <property name="CASSANDRA_HOME" value="E:\Big Data\2020 big data course\cassandra\apache-cassandra-3.11.9"/>
    <property name="java.vm.version" value="21.0.6+8-LTS-188"/>
    <property name="user.variant" value=""/>
    <property name="SPARK_HOME" value="D:\spark\spark-2.4.7-bin-hadoop2.7"/>
    <property name="stderr.encoding" value="Cp1252"/>
    <property name="CommonProgramFiles(x86)" value="C:\Program Files (x86)\Common Files"/>
    <property name="JOB_DISPLAY_URL" value="http://localhost:8080/job/Blazedemo/display/redirect"/>
    <property name="USERDOMAIN_ROAMINGPROFILE" value="DESKTOP-VDQN2TJ"/>
    <property name="CommonProgramFiles" value="C:\Program Files\Common Files"/>
    <property name="sun.io.unicode.encoding" value="UnicodeLittle"/>
    <property name="JAVA_HOME" value="C:\Program Files\Java\jdk-21.0.6"/>
    <property name="ComSpec" value="C:\WINDOWS\system32\cmd.exe"/>
    <property name="HOMEPATH" value="\Users\Bala"/>
    <property name="COMPUTERNAME" value="DESKTOP-VDQN2TJ"/>
    <property name="user.script" value=""/>
    <property name="VBOX_MSI_INSTALL_PATH" value="C:\Program Files\Oracle\VirtualBox\"/>
    <property name="user.home" value="C:\Users\Bala"/>
    <property name="PUBLIC" value="C:\Users\Public"/>
    <property name="HADOOP_HOME" value="C:\hadoop"/>
    <property name="BUILD_TAG" value="jenkins-Blazedemo-1"/>
    <property name="JENKINS_SERVER_COOKIE" value="58378dc938cb9424"/>
    <property name="HUDSON_URL" value="http://localhost:8080/"/>
    <property name="ProgramData" value="C:\ProgramData"/>
    <property name="java.version.date" value="2025-01-21"/>
    <property name="java.specification.vendor" value="Oracle Corporation"/>
    <property name="USERPROFILE" value="C:\Users\Bala"/>
    <property name="CLASSPATH" value=""/>
    <property name="java.library.path" value="C:\Program Files\Java\jdk-21.0.6\bin;C:\WINDOWS\Sun\Java\bin;C:\WINDOWS\system32;C:\WINDOWS;D:\maven\apache-maven-3.6.3\/bin;C:\Program Files\Java\jdk-21.0.6/bin;C:\Program Files\Java\jdk-21.0.6/bin;C:\Program Files\Java\jdk-21.0.6\bin;C:\Program Files\Common Files\Oracle\Java\javapath;C:\WINDOWS\system32;C:\WINDOWS;C:\WINDOWS\System32\Wbem;C:\WINDOWS\System32\WindowsPowerShell\v1.0\;C:\WINDOWS\System32\OpenSSH\;C:\Program Files (x86)\scala\bin;D:\spark\spark-2.4.7-bin-hadoop2.7\bin;D:\maven\apache-maven-3.6.3\\bin;C:\hadoop\bin;C:\Program Files (x86)\PuTTY\;C:\Python27;%CASSANDRA_HOME%\bin;D:\sbt\bin;C:\Users\Bala\AppData\Local\Android\Sdk\platform-tools;C:\Users\Bala\AppData\Local\Android\Sdk\tools;C:\Users\Bala\AppData\Local\Android\Sdk\tools\bin;D:\Appium\node js\node_modules\npm\bin;C:\Program Files\Amazon\AWSCLI\bin\;C:\Program Files\Microsoft VS Code\bin;C:\Program Files\Docker\Docker\resources\bin;C:\Program Files\dotnet\;D:\Postman\Node js\;E:\Git\Git\cmd;C:\Users\Bala\Downloads\ngrok;D:\Jmeter\apache-jmeter-5.4.1\bin;C:\Program Files\Amazon\AWSCLIV2\;C:\Program Files\MySQL\MySQL Shell 8.0\bin\;C:\Users\Bala\AppData\Local\Microsoft\WindowsApps;C:\Users\Bala\AppData\Roaming\npm;C:\ngrok;;."/>
    <property name="java.vendor.url" value="https://java.oracle.com/"/>
    <property name="java.vm.vendor" value="Oracle Corporation"/>
    <property name="APPDATA" value="C:\Users\Bala\AppData\Roaming"/>
    <property name="JMETER_HOME" value="D:\Jmeter\apache-jmeter-5.4.1"/>
    <property name="java.runtime.name" value="Java(TM) SE Runtime Environment"/>
    <property name="maven.home" value="D:\maven\apache-maven-3.6.3"/>
    <property name="java.class.path" value="C:\Users\Bala\.jenkins\plugins\maven-plugin\WEB-INF\lib\maven35-agent-1.14.jar;D:\maven\apache-maven-3.6.3\boot\plexus-classworlds-2.6.0.jar;D:\maven\apache-maven-3.6.3\/conf/logging"/>
    <property name="sun.java.command" value="jenkins.maven3.agent.Maven35Main D:\maven\apache-maven-3.6.3\ C:\Users\Bala\.jenkins\war\WEB-INF\lib\remoting-3327.v868139a_d00e0.jar C:\Users\Bala\.jenkins\plugins\maven-plugin\WEB-INF\lib\maven35-interceptor-1.14.jar C:\Users\Bala\.jenkins\plugins\maven-plugin\WEB-INF\lib\maven3-interceptor-commons-1.14.jar 62351"/>
    <property name="native.encoding" value="Cp1252"/>
    <property name="Path" value="C:\Program Files\Java\jdk-21.0.6/bin;C:\Program Files\Java\jdk-21.0.6\bin;C:\Program Files\Common Files\Oracle\Java\javapath;C:\WINDOWS\system32;C:\WINDOWS;C:\WINDOWS\System32\Wbem;C:\WINDOWS\System32\WindowsPowerShell\v1.0\;C:\WINDOWS\System32\OpenSSH\;C:\Program Files (x86)\scala\bin;D:\spark\spark-2.4.7-bin-hadoop2.7\bin;D:\maven\apache-maven-3.6.3\\bin;C:\hadoop\bin;C:\Program Files (x86)\PuTTY\;C:\Python27;%CASSANDRA_HOME%\bin;D:\sbt\bin;C:\Users\Bala\AppData\Local\Android\Sdk\platform-tools;C:\Users\Bala\AppData\Local\Android\Sdk\tools;C:\Users\Bala\AppData\Local\Android\Sdk\tools\bin;D:\Appium\node js\node_modules\npm\bin;C:\Program Files\Amazon\AWSCLI\bin\;C:\Program Files\Microsoft VS Code\bin;C:\Program Files\Docker\Docker\resources\bin;C:\Program Files\dotnet\;D:\Postman\Node js\;E:\Git\Git\cmd;C:\Users\Bala\Downloads\ngrok;D:\Jmeter\apache-jmeter-5.4.1\bin;C:\Program Files\Amazon\AWSCLIV2\;C:\Program Files\MySQL\MySQL Shell 8.0\bin\;C:\Users\Bala\AppData\Local\Microsoft\WindowsApps;C:\Users\Bala\AppData\Roaming\npm;C:\ngrok;"/>
    <property name="jdk.debug" value="release"/>
    <property name="PROCESSOR_ARCHITECTURE" value="AMD64"/>
    <property name="java.vm.specification.name" value="Java Virtual Machine Specification"/>
    <property name="PATH+JDK" value="C:\Program Files\Java\jdk-21.0.6/bin"/>
    <property name="SESSIONNAME" value="Console"/>
    <property name="PROCESSOR_IDENTIFIER" value="Intel64 Family 6 Model 69 Stepping 1, GenuineIntel"/>
    <property name="java.vm.specification.version" value="21"/>
    <property name="M2_HOME" value="D:\maven\apache-maven-3.6.3\"/>
    <property name="sun.cpu.endian" value="little"/>
    <property name="sun.os.patch.level" value=""/>
    <property name="OS" value="Windows_NT"/>
    <property name="CI" value="true"/>
    <property name="java.io.tmpdir" value="C:\Users\Bala\AppData\Local\Temp\"/>
    <property name="=D:" value="D:\Jenkins"/>
    <property name="SBT_HOME" value="D:\sbt\"/>
    <property name="HUDSON_HOME" value="C:\Users\Bala\.jenkins"/>
    <property name="PATH+MAVEN" value="D:\maven\apache-maven-3.6.3\/bin"/>
    <property name="ProgramFiles(x86)" value="C:\Program Files (x86)"/>
    <property name="java.vendor.url.bug" value="https://bugreport.java.com/bugreport/"/>
    <property name="BUILD_URL" value="http://localhost:8080/job/Blazedemo/1/"/>
    <property name="SystemRoot" value="C:\WINDOWS"/>
    <property name="os.arch" value="amd64"/>
    <property name="user.dir" value="D:\Eclipse mars\mars workspace\OrangeHRM"/>
    <property name="JOB_URL" value="http://localhost:8080/job/Blazedemo/"/>
    <property name="LOGONSERVER" value="\\DESKTOP-VDQN2TJ"/>
    <property name="USERDOMAIN" value="DESKTOP-VDQN2TJ"/>
    <property name="MAVEN_HOME" value="D:\maven\apache-maven-3.6.3\"/>
    <property name="line.separator" value="
"/>
    <property name="java.vm.name" value="Java HotSpot(TM) 64-Bit Server VM"/>
    <property name="BUILD_NUMBER" value="1"/>
    <property name="PROCESSOR_REVISION" value="4501"/>
    <property name="ANDROID_HOME" value="C:\Users\Bala\AppData\Local\Android\Sdk"/>
    <property name="JENKINS_URL" value="http://localhost:8080/"/>
    <property name="ProgramW6432" value="C:\Program Files"/>
    <property name="windir" value="C:\WINDOWS"/>
    <property name="file.encoding" value="UTF-8"/>
    <property name="SystemDrive" value="C:"/>
    <property name="maven3.interceptor" value="C:\Users\Bala\.jenkins\plugins\maven-plugin\WEB-INF\lib\maven35-interceptor-1.14.jar"/>
    <property name="WORKSPACE_TMP" value="C:\Users\Bala\.jenkins\workspace\Blazedemo@tmp"/>
    <property name="WORKSPACE" value="C:\Users\Bala\.jenkins\workspace\Blazedemo"/>
    <property name="maven3.interceptor.common" value="C:\Users\Bala\.jenkins\plugins\maven-plugin\WEB-INF\lib\maven3-interceptor-commons-1.14.jar"/>
    <property name="PSModulePath" value="C:\Program Files (x86)\WindowsPowerShell\Modules;C:\WINDOWS\system32\WindowsPowerShell\v1.0\Modules;D:\Selenium\AutoIT\AutoItX"/>
    <property name="java.specification.version" value="21"/>
    <property name="DriverData" value="C:\Windows\System32\Drivers\DriverData"/>
  </properties>
  <testcase classname="Blazedemo" name="Blazedemo site flight search" time="18.173"/>
</testsuite>